[2024-06-28 01:25:41	] hqtest001(TheQueen) BUY 1 [6-1-2424-1]§¹i Thµnh BÝ KÝp 90(6,1,2424,0,1) 10(COIN) at Shop[140]
[2024-06-28 01:25:54	] hqtest001(TheQueen) BUY 1 [6-1-1427-1]Tö MÉu LÖnh(6,1,1427,0,1) 10(COIN) at Shop[145]
[2024-06-28 01:26:05	] hqtest001(TheQueen) BUY 1 [6-1-2332-1]M· bµi - ChiÕu D¹ Ngäc S­ Tö(6,1,2332,0,1) 50(COIN) at Shop[142]
[2024-06-28 01:26:10	] hqtest001(TheQueen) BUY 1 [6-1-2527-1]Håi thiªn t¸i t¹o lÔ bao(6,1,2527,0,1) 2(COIN) at Shop[139]
[2024-06-28 01:26:16	] hqtest001(TheQueen) BUY 1 [6-1-440-1]M¶nh S¬n Hµ X· T¾c (100) (6,1,440,0,1) 2(COIN) at Shop[139]
[2024-06-28 01:26:20	] hqtest001(TheQueen) BUY 1 [6-1-2218-1]Hång ¶nh B¶o R­¬ng(6,1,2218,0,1) 10(COIN) at Shop[139]
[2024-06-28 01:32:05	] hqtest001(TheQueen) SEL 1 Minh ¶o Hñ Cèt Hé uyÓn(0,8,1,3,10) 24999(MONEY) at Shop[38]
[2024-06-28 01:32:07	] hqtest001(TheQueen) SEL 1 Minh ¶o Song Hoµn Xµ Hµi(0,6,1,4,10) 24999(MONEY) at Shop[38]
[2024-06-28 01:32:08	] hqtest001(TheQueen) SEL 1 Minh ¶o U §éc ¸m Y(0,2,16,0,10) 24999(MONEY) at Shop[38]
[2024-06-28 01:32:10	] hqtest001(TheQueen) SEL 1 Minh ¶o Tµ §éc C¶nh Phï(0,4,1,0,10) 24999(MONEY) at Shop[38]
[2024-06-28 01:32:14	] hqtest001(TheQueen) SEL 1 Minh ¶o §o¹n Cèt Giíi ChØ(0,3,0,1,10) 24999(MONEY) at Shop[38]
[2024-06-28 01:32:15	] hqtest001(TheQueen) SEL 1 Minh ¶o Xµ Hoµn NhuyÔn LÝ(0,5,1,1,10) 24999(MONEY) at Shop[38]
[2024-06-28 01:32:17	] hqtest001(TheQueen) SEL 1 Minh ¶o Kim Xµ Thñ M·o(0,7,2,2,10) 24999(MONEY) at Shop[38]
[2024-06-28 01:32:18	] hqtest001(TheQueen) SEL 1 Minh ¶o Long HuyÕt Béi(0,9,1,3,10) 24999(MONEY) at Shop[38]
[2024-06-28 01:32:20	] hqtest001(TheQueen) SEL 1 Minh ¶o §éc YÕt ChØ Hoµn(0,3,0,4,10) 24999(MONEY) at Shop[38]
[2024-06-28 01:49:59	] hqtest001(TheQueen) SEL 1 Minh ¶o Kim Xµ Thñ M·o(0,7,2,2,10) 24999(MONEY) at Shop[38]
[2024-06-28 01:50:01	] hqtest001(TheQueen) SEL 1 Minh ¶o Tµ §éc C¶nh Phï(0,4,1,0,10) 24999(MONEY) at Shop[38]
[2024-06-28 01:50:02	] hqtest001(TheQueen) SEL 1 Minh ¶o Long HuyÕt Béi(0,9,1,3,10) 24999(MONEY) at Shop[38]
[2024-06-28 01:50:03	] hqtest001(TheQueen) SEL 1 Minh ¶o Xµ Hoµn NhuyÔn LÝ(0,5,1,1,10) 24999(MONEY) at Shop[38]
[2024-06-28 01:54:04	] hqtest001(TheQueen) BUY 1 [6-1-2432-1]LÖnh bµi Vi S¬n ®¶o(6,1,2432,0,1) 1(COIN) at Shop[145]
[2024-06-28 01:54:05	] hqtest001(TheQueen) BUY 1 [6-1-1448-1]M¹c B¾c TruyÒn Tèng LÖnh(6,1,1448,0,1) 1(COIN) at Shop[145]
